<?xml version="1.0" encoding="UTF-8"?>
<testsuite name="com.telran.tests.test.CreateTeamTest" tests="2" skipped="0" failures="1" errors="0" timestamp="2019-08-12T11:54:38" hostname="DESKTOP-P99IBT1" time="74.701">
  <properties/>
  <testcase name="teamCreationTest" classname="com.telran.tests.test.CreateTeamTest" time="46.613"/>
  <testcase name="postAction" classname="com.telran.tests.test.CreateTeamTest" time="28.088">
    <failure message="org.openqa.selenium.NoSuchElementException: no such element: Unable to locate element: {&quot;method&quot;:&quot;xpath&quot;,&quot;selector&quot;:&quot;//*[@class='js-confirm full negate']&quot;}&#10;  (Session info: chrome=76.0.3809.100)&#10;For documentation on this error, please visit: https://www.seleniumhq.org/exceptions/no_such_element.html&#10;Build info: version: '3.141.59', revision: 'e82be7d358', time: '2018-11-14T08:17:03'&#10;System info: host: 'DESKTOP-P99IBT1', ip: '192.168.186.2', os.name: 'Windows 10', os.arch: 'amd64', os.version: '10.0', java.version: '1.8.0_211'&#10;Driver info: org.openqa.selenium.chrome.ChromeDriver&#10;Capabilities {acceptInsecureCerts: false, browserName: chrome, browserVersion: 76.0.3809.100, chrome: {chromedriverVersion: 76.0.3809.68 (420c9498db8ce..., userDataDir: C:\Users\SAMR\AppData\Local...}, goog:chromeOptions: {debuggerAddress: localhost:63608}, javascriptEnabled: true, networkConnectionEnabled: false, pageLoadStrategy: normal, platform: XP, platformName: XP, proxy: Proxy(), setWindowRect: true, strictFileInteractability: false, timeouts: {implicit: 0, pageLoad: 300000, script: 30000}, unhandledPromptBehavior: dismiss and notify}&#10;Session ID: 81d185769bf1b1f87c730fd870424ae2&#10;*** Element info: {Using=xpath, value=//*[@class='js-confirm full negate']}" type="org.openqa.selenium.NoSuchElementException">org.openqa.selenium.NoSuchElementException: no such element: Unable to locate element: {&quot;method&quot;:&quot;xpath&quot;,&quot;selector&quot;:&quot;//*[@class='js-confirm full negate']&quot;}
  (Session info: chrome=76.0.3809.100)
For documentation on this error, please visit: https://www.seleniumhq.org/exceptions/no_such_element.html
Build info: version: '3.141.59', revision: 'e82be7d358', time: '2018-11-14T08:17:03'
System info: host: 'DESKTOP-P99IBT1', ip: '192.168.186.2', os.name: 'Windows 10', os.arch: 'amd64', os.version: '10.0', java.version: '1.8.0_211'
Driver info: org.openqa.selenium.chrome.ChromeDriver
Capabilities {acceptInsecureCerts: false, browserName: chrome, browserVersion: 76.0.3809.100, chrome: {chromedriverVersion: 76.0.3809.68 (420c9498db8ce..., userDataDir: C:\Users\SAMR\AppData\Local...}, goog:chromeOptions: {debuggerAddress: localhost:63608}, javascriptEnabled: true, networkConnectionEnabled: false, pageLoadStrategy: normal, platform: XP, platformName: XP, proxy: Proxy(), setWindowRect: true, strictFileInteractability: false, timeouts: {implicit: 0, pageLoad: 300000, script: 30000}, unhandledPromptBehavior: dismiss and notify}
Session ID: 81d185769bf1b1f87c730fd870424ae2
*** Element info: {Using=xpath, value=//*[@class='js-confirm full negate']}
	at sun.reflect.NativeConstructorAccessorImpl.newInstance0(Native Method)
	at sun.reflect.NativeConstructorAccessorImpl.newInstance(NativeConstructorAccessorImpl.java:62)
	at sun.reflect.DelegatingConstructorAccessorImpl.newInstance(DelegatingConstructorAccessorImpl.java:45)
	at java.lang.reflect.Constructor.newInstance(Constructor.java:423)
	at org.openqa.selenium.remote.http.W3CHttpResponseCodec.createException(W3CHttpResponseCodec.java:187)
	at org.openqa.selenium.remote.http.W3CHttpResponseCodec.decode(W3CHttpResponseCodec.java:122)
	at org.openqa.selenium.remote.http.W3CHttpResponseCodec.decode(W3CHttpResponseCodec.java:49)
	at org.openqa.selenium.remote.HttpCommandExecutor.execute(HttpCommandExecutor.java:158)
	at org.openqa.selenium.remote.service.DriverCommandExecutor.execute(DriverCommandExecutor.java:83)
	at org.openqa.selenium.remote.RemoteWebDriver.execute(RemoteWebDriver.java:552)
	at org.openqa.selenium.remote.RemoteWebDriver.findElement(RemoteWebDriver.java:323)
	at org.openqa.selenium.remote.RemoteWebDriver.findElementByXPath(RemoteWebDriver.java:428)
	at org.openqa.selenium.By$ByXPath.findElement(By.java:353)
	at org.openqa.selenium.remote.RemoteWebDriver.findElement(RemoteWebDriver.java:315)
	at sun.reflect.GeneratedMethodAccessor4.invoke(Unknown Source)
	at sun.reflect.DelegatingMethodAccessorImpl.invoke(DelegatingMethodAccessorImpl.java:43)
	at java.lang.reflect.Method.invoke(Method.java:498)
	at org.openqa.selenium.support.events.EventFiringWebDriver.lambda$new$1(EventFiringWebDriver.java:105)
	at com.sun.proxy.$Proxy13.findElement(Unknown Source)
	at org.openqa.selenium.support.events.EventFiringWebDriver.findElement(EventFiringWebDriver.java:194)
	at com.telran.tests.fw.HelperBase.click(HelperBase.java:17)
	at com.telran.tests.fw.TeamHelper.confirmTeamDeletionButton(TeamHelper.java:35)
	at com.telran.tests.fw.TeamHelper.cleanTeams(TeamHelper.java:77)
	at com.telran.tests.test.CreateTeamTest.postAction(CreateTeamTest.java:55)
	at sun.reflect.NativeMethodAccessorImpl.invoke0(Native Method)
	at sun.reflect.NativeMethodAccessorImpl.invoke(NativeMethodAccessorImpl.java:62)
	at sun.reflect.DelegatingMethodAccessorImpl.invoke(DelegatingMethodAccessorImpl.java:43)
	at java.lang.reflect.Method.invoke(Method.java:498)
	at org.testng.internal.MethodInvocationHelper.invokeMethod(MethodInvocationHelper.java:124)
	at org.testng.internal.MethodInvocationHelper.invokeMethodConsideringTimeout(MethodInvocationHelper.java:59)
	at org.testng.internal.Invoker.invokeConfigurationMethod(Invoker.java:458)
	at org.testng.internal.Invoker.invokeConfigurations(Invoker.java:222)
	at org.testng.internal.Invoker.invokeConfigurations(Invoker.java:142)
	at org.testng.internal.TestMethodWorker.invokeAfterClassMethods(TestMethodWorker.java:214)
	at org.testng.internal.TestMethodWorker.run(TestMethodWorker.java:111)
	at org.testng.TestRunner.privateRun(TestRunner.java:648)
	at org.testng.TestRunner.run(TestRunner.java:505)
	at org.testng.SuiteRunner.runTest(SuiteRunner.java:455)
	at org.testng.SuiteRunner.runSequentially(SuiteRunner.java:450)
	at org.testng.SuiteRunner.privateRun(SuiteRunner.java:415)
	at org.testng.SuiteRunner.run(SuiteRunner.java:364)
	at org.testng.SuiteRunnerWorker.runSuite(SuiteRunnerWorker.java:52)
	at org.testng.SuiteRunnerWorker.run(SuiteRunnerWorker.java:84)
	at org.testng.TestNG.runSuitesSequentially(TestNG.java:1208)
	at org.testng.TestNG.runSuitesLocally(TestNG.java:1137)
	at org.testng.TestNG.runSuites(TestNG.java:1049)
	at org.testng.TestNG.run(TestNG.java:1017)
	at org.gradle.api.internal.tasks.testing.testng.TestNGTestClassProcessor.runTests(TestNGTestClassProcessor.java:139)
	at org.gradle.api.internal.tasks.testing.testng.TestNGTestClassProcessor.stop(TestNGTestClassProcessor.java:89)
	at org.gradle.api.internal.tasks.testing.SuiteTestClassProcessor.stop(SuiteTestClassProcessor.java:61)
	at sun.reflect.NativeMethodAccessorImpl.invoke0(Native Method)
	at sun.reflect.NativeMethodAccessorImpl.invoke(NativeMethodAccessorImpl.java:62)
	at sun.reflect.DelegatingMethodAccessorImpl.invoke(DelegatingMethodAccessorImpl.java:43)
	at java.lang.reflect.Method.invoke(Method.java:498)
	at org.gradle.internal.dispatch.ReflectionDispatch.dispatch(ReflectionDispatch.java:35)
	at org.gradle.internal.dispatch.ReflectionDispatch.dispatch(ReflectionDispatch.java:24)
	at org.gradle.internal.dispatch.ContextClassLoaderDispatch.dispatch(ContextClassLoaderDispatch.java:32)
	at org.gradle.internal.dispatch.ProxyDispatchAdapter$DispatchingInvocationHandler.invoke(ProxyDispatchAdapter.java:93)
	at com.sun.proxy.$Proxy2.stop(Unknown Source)
	at org.gradle.api.internal.tasks.testing.worker.TestWorker.stop(TestWorker.java:131)
	at sun.reflect.NativeMethodAccessorImpl.invoke0(Native Method)
	at sun.reflect.NativeMethodAccessorImpl.invoke(NativeMethodAccessorImpl.java:62)
	at sun.reflect.DelegatingMethodAccessorImpl.invoke(DelegatingMethodAccessorImpl.java:43)
	at java.lang.reflect.Method.invoke(Method.java:498)
	at org.gradle.internal.dispatch.ReflectionDispatch.dispatch(ReflectionDispatch.java:35)
	at org.gradle.internal.dispatch.ReflectionDispatch.dispatch(ReflectionDispatch.java:24)
	at org.gradle.internal.remote.internal.hub.MessageHubBackedObjectConnection$DispatchWrapper.dispatch(MessageHubBackedObjectConnection.java:155)
	at org.gradle.internal.remote.internal.hub.MessageHubBackedObjectConnection$DispatchWrapper.dispatch(MessageHubBackedObjectConnection.java:137)
	at org.gradle.internal.remote.internal.hub.MessageHub$Handler.run(MessageHub.java:404)
	at org.gradle.internal.concurrent.ExecutorPolicy$CatchAndRecordFailures.onExecute(ExecutorPolicy.java:63)
	at org.gradle.internal.concurrent.ManagedExecutorImpl$1.run(ManagedExecutorImpl.java:46)
	at java.util.concurrent.ThreadPoolExecutor.runWorker(ThreadPoolExecutor.java:1149)
	at java.util.concurrent.ThreadPoolExecutor$Worker.run(ThreadPoolExecutor.java:624)
	at org.gradle.internal.concurrent.ThreadFactoryImpl$ManagedThreadRunnable.run(ThreadFactoryImpl.java:55)
	at java.lang.Thread.run(Thread.java:748)
</failure>
  </testcase>
  <system-out><![CDATA[14:54:38.824 [Test worker] INFO  com.telran.tests.test.TestBase - StartteamCreationTestwith parameters[]
14:54:53.826 [Test worker] INFO  c.t.t.f.ApplicationManager$MyListener - Start search elementBy.cssSelector: nav.home-left-sidebar-container .js-react-root
14:54:53.867 [Test worker] INFO  c.t.t.f.ApplicationManager$MyListener - elementBy.cssSelector: nav.home-left-sidebar-container .js-react-rootfound
14:54:53.867 [Test worker] INFO  c.t.t.f.ApplicationManager$MyListener - Start search elementBy.xpath: .//li
14:54:53.903 [Test worker] INFO  c.t.t.f.ApplicationManager$MyListener - elementBy.xpath: .//lifound
14:54:53.903 [Test worker] INFO  c.t.t.f.ApplicationManager$MyListener - Start search elementBy.cssSelector: [data-test-id='home-navigation-create-team-button']
14:54:53.938 [Test worker] INFO  c.t.t.f.ApplicationManager$MyListener - elementBy.cssSelector: [data-test-id='home-navigation-create-team-button']found
14:54:54.112 [Test worker] INFO  c.t.t.f.ApplicationManager$MyListener - Start search elementBy.cssSelector: [name=displayName]
14:54:54.168 [Test worker] INFO  c.t.t.f.ApplicationManager$MyListener - elementBy.cssSelector: [name=displayName]found
14:54:54.255 [Test worker] INFO  c.t.t.f.ApplicationManager$MyListener - Start search elementBy.cssSelector: [name=displayName]
14:54:54.279 [Test worker] INFO  c.t.t.f.ApplicationManager$MyListener - elementBy.cssSelector: [name=displayName]found
14:54:54.326 [Test worker] INFO  c.t.t.f.ApplicationManager$MyListener - Start search elementBy.cssSelector: [name=displayName]
14:54:54.404 [Test worker] INFO  c.t.t.f.ApplicationManager$MyListener - elementBy.cssSelector: [name=displayName]found
14:54:54.543 [Test worker] INFO  c.t.t.f.ApplicationManager$MyListener - Start search elementBy.cssSelector: [name=desc]
14:54:54.569 [Test worker] INFO  c.t.t.f.ApplicationManager$MyListener - elementBy.cssSelector: [name=desc]found
14:54:54.658 [Test worker] INFO  c.t.t.f.ApplicationManager$MyListener - Start search elementBy.cssSelector: [name=desc]
14:54:54.680 [Test worker] INFO  c.t.t.f.ApplicationManager$MyListener - elementBy.cssSelector: [name=desc]found
14:54:54.726 [Test worker] INFO  c.t.t.f.ApplicationManager$MyListener - Start search elementBy.cssSelector: [name=desc]
14:54:54.748 [Test worker] INFO  c.t.t.f.ApplicationManager$MyListener - elementBy.cssSelector: [name=desc]found
14:54:54.917 [Test worker] INFO  c.t.t.f.ApplicationManager$MyListener - Start search elementBy.xpath: //input[@class='primary wide js-save']
14:54:54.945 [Test worker] INFO  c.t.t.f.ApplicationManager$MyListener - elementBy.xpath: //input[@class='primary wide js-save']found
14:55:00.040 [Test worker] INFO  c.t.t.f.ApplicationManager$MyListener - Start search elementBy.cssSelector: [name=house]
14:55:00.078 [Test worker] INFO  c.t.t.f.ApplicationManager$MyListener - elementBy.cssSelector: [name=house]found
14:55:00.235 [Test worker] INFO  c.t.t.f.ApplicationManager$MyListener - Start search elementBy.cssSelector: a [name=house]
14:55:00.263 [Test worker] INFO  c.t.t.f.ApplicationManager$MyListener - elementBy.cssSelector: a [name=house]found
14:55:25.371 [Test worker] INFO  c.t.t.f.ApplicationManager$MyListener - Start search elementBy.cssSelector: nav.home-left-sidebar-container .js-react-root
14:55:25.406 [Test worker] INFO  c.t.t.f.ApplicationManager$MyListener - elementBy.cssSelector: nav.home-left-sidebar-container .js-react-rootfound
14:55:25.406 [Test worker] INFO  c.t.t.f.ApplicationManager$MyListener - Start search elementBy.xpath: .//li
14:55:25.437 [Test worker] INFO  c.t.t.f.ApplicationManager$MyListener - elementBy.xpath: .//lifound
4:5
]]></system-out>
  <system-err><![CDATA[]]></system-err>
</testsuite>
